Determining if the pthread_create exist failed with the following output:
Change Dir: /home/bebop2/catkin_ws/build/catkin_tools_prebuild/CMakeFiles/CMakeTmp

Run Build Command:"/usr/bin/make" "cmTC_6ac91/fast"
/usr/bin/make -f CMakeFiles/cmTC_6ac91.dir/build.make CMakeFiles/cmTC_6ac91.dir/build
make[1]: Entering directory '/home/bebop2/catkin_ws/build/catkin_tools_prebuild/CMakeFiles/CMakeTmp'
Building C object CMakeFiles/cmTC_6ac91.dir/CheckSymbolExists.c.o
/usr/bin/cc     -o CMakeFiles/cmTC_6ac91.dir/CheckSymbolExists.c.o   -c /home/bebop2/catkin_ws/build/catkin_tools_prebuild/CMakeFiles/CMakeTmp/CheckSymbolExists.c
Linking C executable cmTC_6ac91
/usr/bin/cmake -E cmake_link_script CMakeFiles/cmTC_6ac91.dir/link.txt --verbose=1
/usr/bin/cc       CMakeFiles/cmTC_6ac91.dir/CheckSymbolExists.c.o  -o cmTC_6ac91 -rdynamic 
CMakeFiles/cmTC_6ac91.dir/CheckSymbolExists.c.o: In function `main':
CheckSymbolExists.c:(.text+0x16): undefined reference to `pthread_create'
collect2: error: ld returned 1 exit status
CMakeFiles/cmTC_6ac91.dir/build.make:97: recipe for target 'cmTC_6ac91' failed
make[1]: *** [cmTC_6ac91] Error 1
make[1]: Leaving directory '/home/bebop2/catkin_ws/build/catkin_tools_prebuild/CMakeFiles/CMakeTmp'
Makefile:126: recipe for target 'cmTC_6ac91/fast' failed
make: *** [cmTC_6ac91/fast] Error 2

File /home/bebop2/catkin_ws/build/catkin_tools_prebuild/CMakeFiles/CMakeTmp/CheckSymbolExists.c:
/* */
#include <pthread.h>

int main(int argc, char** argv)
{
  (void)argv;
#ifndef pthread_create
  return ((int*)(&pthread_create))[argc];
#else
  (void)argc;
  return 0;
#endif
}

Determining if the function pthread_create exists in the pthreads failed with the following output:
Change Dir: /home/bebop2/catkin_ws/build/catkin_tools_prebuild/CMakeFiles/CMakeTmp

Run Build Command:"/usr/bin/make" "cmTC_dadcc/fast"
/usr/bin/make -f CMakeFiles/cmTC_dadcc.dir/build.make CMakeFiles/cmTC_dadcc.dir/build
make[1]: Entering directory '/home/bebop2/catkin_ws/build/catkin_tools_prebuild/CMakeFiles/CMakeTmp'
Building C object CMakeFiles/cmTC_dadcc.dir/CheckFunctionExists.c.o
/usr/bin/cc    -DCHECK_FUNCTION_EXISTS=pthread_create   -o CMakeFiles/cmTC_dadcc.dir/CheckFunctionExists.c.o   -c /usr/share/cmake-3.5/Modules/CheckFunctionExists.c
Linking C executable cmTC_dadcc
/usr/bin/cmake -E cmake_link_script CMakeFiles/cmTC_dadcc.dir/link.txt --verbose=1
/usr/bin/cc   -DCHECK_FUNCTION_EXISTS=pthread_create    CMakeFiles/cmTC_dadcc.dir/CheckFunctionExists.c.o  -o cmTC_dadcc -rdynamic -lpthreads 
/usr/bin/ld: cannot find -lpthreads
collect2: error: ld returned 1 exit status
CMakeFiles/cmTC_dadcc.dir/build.make:97: recipe for target 'cmTC_dadcc' failed
make[1]: *** [cmTC_dadcc] Error 1
make[1]: Leaving directory '/home/bebop2/catkin_ws/build/catkin_tools_prebuild/CMakeFiles/CMakeTmp'
Makefile:126: recipe for target 'cmTC_dadcc/fast' failed
make: *** [cmTC_dadcc/fast] Error 2


